[00:02:09] [Server thread/INFO]: [Not Secure] <Tlfaz_Man> https://www.minecraftskins.com/uploads/skins/2025/06/22/wooly-chicken-23354106.png?v865
[00:03:01] [Server thread/INFO]: [Tlfaz_Man: Applied skin changes for 3mkbody]
[00:03:48] [Server thread/INFO]: [Tlfaz_Man: Applied skin changes for 3mkbody]
[00:04:52] [Server thread/INFO]: [Tlfaz_Man: Applied skin changes for 3mkbody]
[00:04:58] [Server thread/INFO]: [Tlfaz_Man: No skin changes]
[00:06:06] [Server thread/INFO]: [Tlfaz_Man: Applied skin changes for 3mkbody]
[00:07:05] [Server thread/INFO]: [Tlfaz_Man: Applied skin changes for 3mkbody]
[00:07:25] [Server thread/INFO]: [Tlfaz_Man: Applied skin changes for 3mkbody]
[00:07:47] [Server thread/INFO]: [Tlfaz_Man: Applied skin changes for 3mkbody]
[00:07:57] [Server thread/INFO]: [Tlfaz_Man: Applied skin changes for 3mkbody]
[00:08:03] [Server thread/INFO]: [Tlfaz_Man: No skin changes]
[00:08:04] [Server thread/INFO]: [Tlfaz_Man: No skin changes]
[00:08:05] [Server thread/INFO]: [Tlfaz_Man: No skin changes]
[00:08:40] [Server thread/INFO]: [Tlfaz_Man: Applied skin changes for 3mkbody]
[00:08:45] [Server thread/INFO]: [Tlfaz_Man: Applied skin changes for 3mkbody]
[00:09:27] [Server thread/INFO]: [Tlfaz_Man: Applied skin changes for Tlfaz_Man]
[00:09:55] [Server thread/INFO]: [Tlfaz_Man: Skin changed]
[00:10:06] [Server thread/INFO]: [Tlfaz_Man: Applied skin changes for Tlfaz_Man]
[00:24:45] [Server thread/INFO]: Tlfaz_Man has made the advancement [Not Today, Thank You]
[00:30:57] [Server thread/INFO]: 3mkbody was slain by Enderman
[00:30:59] [Server thread/WARN]: 3mkbody moved too quickly! -8.010171081839069,-1.739105024375864,5.840050147813031
[00:31:22] [Server thread/INFO]: Tlfaz_Man has made the advancement [Diamonds!]
[00:31:39] [Server thread/WARN]: 3mkbody moved too quickly! -9.6284508967465,-0.5040129017765196,-3.228010953837156
[00:31:52] [Server thread/WARN]: 3mkbody moved too quickly! -9.98997455891545,-1.2247629905309907,-1.7554987206505075
[00:41:58] [Server thread/INFO]: 3mkbody has made the advancement [Not Today, Thank You]
[00:42:41] [Server thread/INFO]: 3mkbody was blown up by Creeper
[00:45:50] [Server thread/INFO]: 3mkbody was shot by Skeleton
[00:47:20] [Server thread/INFO]: 3mkbody has made the advancement [What a Deal!]
[00:57:45] [Server thread/INFO]: 3mkbody has made the advancement [Take Aim]
[01:08:31] [Server thread/INFO]: 3mkbody lost connection: Disconnected
[01:08:31] [Server thread/INFO]: 3mkbody left the game
[01:08:46] [Server thread/INFO]: Tlfaz_Man lost connection: Disconnected
[01:08:46] [Server thread/INFO]: Tlfaz_Man left the game
